SET client_min_messages = WARNING;
/* === Create regular export table === */
CREATE TABLE profile.export AS SELECT * FROM profile.export_data();
/* === Create obfuscated export table === */
CREATE TABLE profile.blind_export AS
  SELECT * FROM profile.export_data(obfuscate_queries => true);
CREATE TABLE profile.connstr_export AS
  SELECT * FROM profile.export_data(hide_connstr => true);
BEGIN;
/* === rename local server === */
SELECT profile.rename_server('local','src_local');
 rename_server 
---------------
             1
(1 row)

/* === check matching by creation date and system identifier === */
SELECT profile.import_data('profile.export') > 0;
 ?column? 
----------
 f
(1 row)

/* === change src_local server creation time so it wont match === */
UPDATE profile.servers
SET
  server_created = server_created - '1 minutes'::interval
WHERE server_name = 'src_local';
/* === perform load === */
SELECT profile.import_data('profile.export') > 0;
 ?column? 
----------
 t
(1 row)

/* === Compare datasets  === */
DO $$
DECLARE
  start_id integer := 1;
  end_id integer := 4;
  local_server_id integer := (SELECT server_id AS src_local_server FROM profile.servers WHERE server_name = 'local');
  src_local_server_id integer := (SELECT server_id AS src_local_server FROM profile.servers WHERE server_name = 'src_local');
  local_context jsonb := profile.get_report_context(local_server_id, start_id, end_id);
  src_local_context jsonb := profile.get_report_context(src_local_server_id, start_id, end_id);
  local_datasets jsonb := profile.get_report_datasets(local_context, local_server_id, NULL);
  src_local_datasets jsonb := profile.get_report_datasets(src_local_context, src_local_server_id, NULL);
  list_str text;
BEGIN
  SELECT string_agg(coalesce(d1.key, d2.key),',')
  INTO list_str
  FROM jsonb_each(src_local_datasets) d1
    FULL JOIN jsonb_each(local_datasets) d2 ON d1.key = d2.key
  WHERE d1.value <> d2.value AND coalesce(d1.key, d2.key) <> 'properties';

  IF list_str IS NOT NULL THEN
    RAISE 'The following datasets do not match %', list_str;
  END IF;

  SELECT string_agg(coalesce(d1.key, d2.key),',')
  INTO list_str
  FROM jsonb_each(src_local_context->'report_features') d1
    FULL JOIN jsonb_each(local_context->'report_features') d2 ON d1.key = d2.key
  WHERE d1.value <> d2.value;

  IF list_str IS NOT NULL THEN
    RAISE 'The following features do not match %', list_str;
  END IF;

  SELECT string_agg(coalesce(d1.key, d2.key),',')
  INTO list_str
  FROM jsonb_each(src_local_context->'report_properties') d1
    FULL JOIN jsonb_each(local_context->'report_properties') d2 ON d1.key = d2.key
  WHERE d1.value <> d2.value AND coalesce(d1.key, d2.key) <> 'server_name';

  IF list_str IS NOT NULL THEN
    RAISE 'The following properties do not match %', list_str;
  END IF;
END;
$$;
/* === Integral check - reports must match === */
\a
\t on
WITH res AS (
  SELECT
    profile.get_report('local',1,4) AS imported,
    replace(
        replace(
        profile.get_report('src_local',1,4),'"server_name": "src_local"',
        '"server_name": "local"'),
        '<p>Server name: <strong>src_local</strong>',
        '<p>Server name: <strong>local</strong>'
    ) AS exported
)
SELECT
  CASE
    WHEN
      sha224(convert_to(imported, 'UTF8')) !=
      sha224(convert_to(exported, 'UTF8'))
    THEN
      format(E'<imported_start>\n%s\n<imported_end>\n<exported_start>\n%s\n<exported_end>',
        imported,
        exported
      )
    ELSE
      'ok'
  END as match
FROM res;
ok
\a
\t off
/* === perform obfuscated load === */
SELECT profile.drop_server('local');
 drop_server 
-------------
           1
(1 row)

SELECT profile.import_data('profile.blind_export') > 0;
 ?column? 
----------
 t
(1 row)

/* === check that there is no matching queries === */
SELECT
  count(*)
FROM profile.servers s_src
  CROSS JOIN profile.servers s_blind
  JOIN profile.stmt_list q_src ON
    (q_src.server_id = s_src.server_id)
  JOIN profile.stmt_list q_blind ON
    (q_src.queryid_md5 = q_blind.queryid_md5 AND q_blind.server_id = s_blind.server_id)
WHERE
  s_src.server_name = 'src_local' AND s_blind.server_name = 'local'
  AND q_src.query = q_blind.query;
 count 
-------
     0
(1 row)

/* === ensure connstrings was in original data === */
SELECT count(connstr) > 0 FROM profile.servers WHERE server_name = 'src_local';
 ?column? 
----------
 t
(1 row)

/* === check that blind export excludes connection strings === */
SELECT count(connstr) = 0 FROM profile.servers WHERE server_name = 'local';
 ?column? 
----------
 t
(1 row)

/* === perform hidden connstr load === */
SELECT profile.drop_server('local');
 drop_server 
-------------
           1
(1 row)

SELECT profile.import_data('profile.connstr_export') > 0;
 ?column? 
----------
 t
(1 row)

/* === check that hidden connstr export excludes connection strings === */
SELECT count(connstr) = 0 FROM profile.servers WHERE server_name = 'local';
 ?column? 
----------
 t
(1 row)

ROLLBACK;
/* === drop export tables === */
DROP TABLE profile.export;
DROP TABLE profile.blind_export;
DROP TABLE profile.connstr_export;
